{"total": {"lines":{"total":1125,"covered":749,"skipped":0,"pct":66.58},"statements":{"total":1145,"covered":765,"skipped":0,"pct":66.81},"functions":{"total":337,"covered":170,"skipped":0,"pct":50.45},"branches":{"total":548,"covered":335,"skipped":0,"pct":61.13}}
,"/Users/Crysp/dev/a24kit/components/config.ts": {"lines":{"total":27,"covered":12,"skipped":0,"pct":44.44},"functions":{"total":3,"covered":3,"skipped":0,"pct":100},"statements":{"total":28,"covered":13,"skipped":0,"pct":46.43},"branches":{"total":18,"covered":3,"skipped":0,"pct":16.67}}
,"/Users/Crysp/dev/a24kit/components/Avatar/index.tsx": {"lines":{"total":4,"covered":4,"skipped":0,"pct":100},"functions":{"total":1,"covered":1,"skipped":0,"pct":100},"statements":{"total":4,"covered":4,"skipped":0,"pct":100},"branches":{"total":2,"covered":2,"skipped":0,"pct":100}}
,"/Users/Crysp/dev/a24kit/components/Avatar/styled.ts": {"lines":{"total":9,"covered":9,"skipped":0,"pct":100},"functions":{"total":5,"covered":5,"skipped":0,"pct":100},"statements":{"total":9,"covered":9,"skipped":0,"pct":100},"branches":{"total":5,"covered":5,"skipped":0,"pct":100}}
,"/Users/Crysp/dev/a24kit/components/AvatarCard/index.tsx": {"lines":{"total":3,"covered":3,"skipped":0,"pct":100},"functions":{"total":1,"covered":1,"skipped":0,"pct":100},"statements":{"total":3,"covered":3,"skipped":0,"pct":100},"branches":{"total":2,"covered":2,"skipped":0,"pct":100}}
,"/Users/Crysp/dev/a24kit/components/AvatarCard/styled.ts": {"lines":{"total":2,"covered":2,"skipped":0,"pct":100},"functions":{"total":0,"covered":0,"skipped":0,"pct":100},"statements":{"total":2,"covered":2,"skipped":0,"pct":100},"branches":{"total":0,"covered":0,"skipped":0,"pct":100}}
,"/Users/Crysp/dev/a24kit/components/Badge/index.tsx": {"lines":{"total":3,"covered":3,"skipped":0,"pct":100},"functions":{"total":1,"covered":1,"skipped":0,"pct":100},"statements":{"total":3,"covered":3,"skipped":0,"pct":100},"branches":{"total":0,"covered":0,"skipped":0,"pct":100}}
,"/Users/Crysp/dev/a24kit/components/Badge/styled.ts": {"lines":{"total":11,"covered":11,"skipped":0,"pct":100},"functions":{"total":4,"covered":4,"skipped":0,"pct":100},"statements":{"total":11,"covered":11,"skipped":0,"pct":100},"branches":{"total":11,"covered":10,"skipped":0,"pct":90.91}}
,"/Users/Crysp/dev/a24kit/components/Button/index.tsx": {"lines":{"total":41,"covered":41,"skipped":0,"pct":100},"functions":{"total":13,"covered":13,"skipped":0,"pct":100},"statements":{"total":46,"covered":46,"skipped":0,"pct":100},"branches":{"total":24,"covered":23,"skipped":0,"pct":95.83}}
,"/Users/Crysp/dev/a24kit/components/Button/styled.ts": {"lines":{"total":34,"covered":25,"skipped":0,"pct":73.53},"functions":{"total":12,"covered":12,"skipped":0,"pct":100},"statements":{"total":34,"covered":25,"skipped":0,"pct":73.53},"branches":{"total":25,"covered":16,"skipped":0,"pct":64}}
,"/Users/Crysp/dev/a24kit/components/Catch/index.tsx": {"lines":{"total":7,"covered":7,"skipped":0,"pct":100},"functions":{"total":2,"covered":2,"skipped":0,"pct":100},"statements":{"total":7,"covered":7,"skipped":0,"pct":100},"branches":{"total":4,"covered":4,"skipped":0,"pct":100}}
,"/Users/Crysp/dev/a24kit/components/Catch/styled.ts": {"lines":{"total":4,"covered":4,"skipped":0,"pct":100},"functions":{"total":0,"covered":0,"skipped":0,"pct":100},"statements":{"total":4,"covered":4,"skipped":0,"pct":100},"branches":{"total":0,"covered":0,"skipped":0,"pct":100}}
,"/Users/Crysp/dev/a24kit/components/Checkbox/index.tsx": {"lines":{"total":10,"covered":10,"skipped":0,"pct":100},"functions":{"total":3,"covered":2,"skipped":0,"pct":66.67},"statements":{"total":11,"covered":11,"skipped":0,"pct":100},"branches":{"total":7,"covered":7,"skipped":0,"pct":100}}
,"/Users/Crysp/dev/a24kit/components/Checkbox/styled.ts": {"lines":{"total":10,"covered":10,"skipped":0,"pct":100},"functions":{"total":3,"covered":3,"skipped":0,"pct":100},"statements":{"total":10,"covered":10,"skipped":0,"pct":100},"branches":{"total":9,"covered":9,"skipped":0,"pct":100}}
,"/Users/Crysp/dev/a24kit/components/Checkbox/components/Mark/index.tsx": {"lines":{"total":4,"covered":4,"skipped":0,"pct":100},"functions":{"total":1,"covered":1,"skipped":0,"pct":100},"statements":{"total":4,"covered":4,"skipped":0,"pct":100},"branches":{"total":0,"covered":0,"skipped":0,"pct":100}}
,"/Users/Crysp/dev/a24kit/components/Checkbox/components/Mark/styled.ts": {"lines":{"total":23,"covered":23,"skipped":0,"pct":100},"functions":{"total":11,"covered":11,"skipped":0,"pct":100},"statements":{"total":23,"covered":23,"skipped":0,"pct":100},"branches":{"total":17,"covered":17,"skipped":0,"pct":100}}
,"/Users/Crysp/dev/a24kit/components/CheckboxGroup/index.tsx": {"lines":{"total":16,"covered":15,"skipped":0,"pct":93.75},"functions":{"total":5,"covered":4,"skipped":0,"pct":80},"statements":{"total":16,"covered":15,"skipped":0,"pct":93.75},"branches":{"total":4,"covered":2,"skipped":0,"pct":50}}
,"/Users/Crysp/dev/a24kit/components/CheckboxGroup/styled.ts": {"lines":{"total":2,"covered":2,"skipped":0,"pct":100},"functions":{"total":0,"covered":0,"skipped":0,"pct":100},"statements":{"total":2,"covered":2,"skipped":0,"pct":100},"branches":{"total":0,"covered":0,"skipped":0,"pct":100}}
,"/Users/Crysp/dev/a24kit/components/Icon/index.tsx": {"lines":{"total":238,"covered":127,"skipped":0,"pct":53.36},"functions":{"total":117,"covered":8,"skipped":0,"pct":6.84},"statements":{"total":238,"covered":127,"skipped":0,"pct":53.36},"branches":{"total":2,"covered":0,"skipped":0,"pct":0}}
,"/Users/Crysp/dev/a24kit/components/Input/index.tsx": {"lines":{"total":65,"covered":31,"skipped":0,"pct":47.69},"functions":{"total":17,"covered":5,"skipped":0,"pct":29.41},"statements":{"total":65,"covered":31,"skipped":0,"pct":47.69},"branches":{"total":52,"covered":24,"skipped":0,"pct":46.15}}
,"/Users/Crysp/dev/a24kit/components/Input/styled.tsx": {"lines":{"total":30,"covered":27,"skipped":0,"pct":90},"functions":{"total":11,"covered":8,"skipped":0,"pct":72.73},"statements":{"total":31,"covered":27,"skipped":0,"pct":87.1},"branches":{"total":34,"covered":26,"skipped":0,"pct":76.47}}
,"/Users/Crysp/dev/a24kit/components/Link/index.tsx": {"lines":{"total":7,"covered":4,"skipped":0,"pct":57.14},"functions":{"total":2,"covered":1,"skipped":0,"pct":50},"statements":{"total":9,"covered":4,"skipped":0,"pct":44.44},"branches":{"total":10,"covered":6,"skipped":0,"pct":60}}
,"/Users/Crysp/dev/a24kit/components/Link/styled.ts": {"lines":{"total":15,"covered":11,"skipped":0,"pct":73.33},"functions":{"total":3,"covered":3,"skipped":0,"pct":100},"statements":{"total":15,"covered":11,"skipped":0,"pct":73.33},"branches":{"total":8,"covered":6,"skipped":0,"pct":75}}
,"/Users/Crysp/dev/a24kit/components/LinkButton/index.tsx": {"lines":{"total":2,"covered":2,"skipped":0,"pct":100},"functions":{"total":1,"covered":1,"skipped":0,"pct":100},"statements":{"total":2,"covered":2,"skipped":0,"pct":100},"branches":{"total":0,"covered":0,"skipped":0,"pct":100}}
,"/Users/Crysp/dev/a24kit/components/LinkButton/styled.ts": {"lines":{"total":0,"covered":0,"skipped":0,"pct":100},"functions":{"total":0,"covered":0,"skipped":0,"pct":100},"statements":{"total":0,"covered":0,"skipped":0,"pct":100},"branches":{"total":0,"covered":0,"skipped":0,"pct":100}}
,"/Users/Crysp/dev/a24kit/components/MaskedInput/index.tsx": {"lines":{"total":110,"covered":5,"skipped":0,"pct":4.55},"functions":{"total":16,"covered":0,"skipped":0,"pct":0},"statements":{"total":111,"covered":5,"skipped":0,"pct":4.5},"branches":{"total":88,"covered":6,"skipped":0,"pct":6.82}}
,"/Users/Crysp/dev/a24kit/components/MaskedInput/mask.ts": {"lines":{"total":39,"covered":5,"skipped":0,"pct":12.82},"functions":{"total":10,"covered":0,"skipped":0,"pct":0},"statements":{"total":39,"covered":5,"skipped":0,"pct":12.82},"branches":{"total":10,"covered":0,"skipped":0,"pct":0}}
,"/Users/Crysp/dev/a24kit/components/Message/index.tsx": {"lines":{"total":45,"covered":44,"skipped":0,"pct":97.78},"functions":{"total":12,"covered":12,"skipped":0,"pct":100},"statements":{"total":46,"covered":45,"skipped":0,"pct":97.83},"branches":{"total":17,"covered":15,"skipped":0,"pct":88.24}}
,"/Users/Crysp/dev/a24kit/components/Message/styled.ts": {"lines":{"total":26,"covered":26,"skipped":0,"pct":100},"functions":{"total":2,"covered":2,"skipped":0,"pct":100},"statements":{"total":26,"covered":26,"skipped":0,"pct":100},"branches":{"total":10,"covered":10,"skipped":0,"pct":100}}
,"/Users/Crysp/dev/a24kit/components/Modal/index.tsx": {"lines":{"total":23,"covered":13,"skipped":0,"pct":56.52},"functions":{"total":9,"covered":3,"skipped":0,"pct":33.33},"statements":{"total":23,"covered":13,"skipped":0,"pct":56.52},"branches":{"total":12,"covered":7,"skipped":0,"pct":58.33}}
,"/Users/Crysp/dev/a24kit/components/Modal/styled.ts": {"lines":{"total":4,"covered":4,"skipped":0,"pct":100},"functions":{"total":0,"covered":0,"skipped":0,"pct":100},"statements":{"total":4,"covered":4,"skipped":0,"pct":100},"branches":{"total":0,"covered":0,"skipped":0,"pct":100}}
,"/Users/Crysp/dev/a24kit/components/Notification/index.tsx": {"lines":{"total":46,"covered":29,"skipped":0,"pct":63.04},"functions":{"total":12,"covered":9,"skipped":0,"pct":75},"statements":{"total":46,"covered":29,"skipped":0,"pct":63.04},"branches":{"total":32,"covered":16,"skipped":0,"pct":50}}
,"/Users/Crysp/dev/a24kit/components/Notification/styled.ts": {"lines":{"total":21,"covered":21,"skipped":0,"pct":100},"functions":{"total":1,"covered":1,"skipped":0,"pct":100},"statements":{"total":21,"covered":21,"skipped":0,"pct":100},"branches":{"total":4,"covered":4,"skipped":0,"pct":100}}
,"/Users/Crysp/dev/a24kit/components/Radio/index.tsx": {"lines":{"total":3,"covered":3,"skipped":0,"pct":100},"functions":{"total":1,"covered":1,"skipped":0,"pct":100},"statements":{"total":3,"covered":3,"skipped":0,"pct":100},"branches":{"total":0,"covered":0,"skipped":0,"pct":100}}
,"/Users/Crysp/dev/a24kit/components/Radio/styled.ts": {"lines":{"total":41,"covered":39,"skipped":0,"pct":95.12},"functions":{"total":5,"covered":5,"skipped":0,"pct":100},"statements":{"total":41,"covered":39,"skipped":0,"pct":95.12},"branches":{"total":32,"covered":30,"skipped":0,"pct":93.75}}
,"/Users/Crysp/dev/a24kit/components/RadioButton/index.tsx": {"lines":{"total":18,"covered":18,"skipped":0,"pct":100},"functions":{"total":5,"covered":4,"skipped":0,"pct":80},"statements":{"total":23,"covered":23,"skipped":0,"pct":100},"branches":{"total":12,"covered":12,"skipped":0,"pct":100}}
,"/Users/Crysp/dev/a24kit/components/RadioButton/styled.ts": {"lines":{"total":4,"covered":4,"skipped":0,"pct":100},"functions":{"total":2,"covered":2,"skipped":0,"pct":100},"statements":{"total":4,"covered":4,"skipped":0,"pct":100},"branches":{"total":4,"covered":4,"skipped":0,"pct":100}}
,"/Users/Crysp/dev/a24kit/components/RadioButtonGroup/index.tsx": {"lines":{"total":7,"covered":7,"skipped":0,"pct":100},"functions":{"total":5,"covered":4,"skipped":0,"pct":80},"statements":{"total":7,"covered":7,"skipped":0,"pct":100},"branches":{"total":0,"covered":0,"skipped":0,"pct":100}}
,"/Users/Crysp/dev/a24kit/components/RadioButtonGroup/styled.ts": {"lines":{"total":2,"covered":2,"skipped":0,"pct":100},"functions":{"total":0,"covered":0,"skipped":0,"pct":100},"statements":{"total":2,"covered":2,"skipped":0,"pct":100},"branches":{"total":0,"covered":0,"skipped":0,"pct":100}}
,"/Users/Crysp/dev/a24kit/components/Ripple/index.tsx": {"lines":{"total":2,"covered":2,"skipped":0,"pct":100},"functions":{"total":1,"covered":1,"skipped":0,"pct":100},"statements":{"total":2,"covered":2,"skipped":0,"pct":100},"branches":{"total":0,"covered":0,"skipped":0,"pct":100}}
,"/Users/Crysp/dev/a24kit/components/Ripple/styled.ts": {"lines":{"total":29,"covered":8,"skipped":0,"pct":27.59},"functions":{"total":3,"covered":3,"skipped":0,"pct":100},"statements":{"total":29,"covered":8,"skipped":0,"pct":27.59},"branches":{"total":12,"covered":1,"skipped":0,"pct":8.33}}
,"/Users/Crysp/dev/a24kit/components/Select/index.tsx": {"lines":{"total":61,"covered":57,"skipped":0,"pct":93.44},"functions":{"total":17,"covered":15,"skipped":0,"pct":88.24},"statements":{"total":64,"covered":60,"skipped":0,"pct":93.75},"branches":{"total":41,"covered":32,"skipped":0,"pct":78.05}}
,"/Users/Crysp/dev/a24kit/components/Select/styled.ts": {"lines":{"total":24,"covered":22,"skipped":0,"pct":91.67},"functions":{"total":7,"covered":7,"skipped":0,"pct":100},"statements":{"total":24,"covered":22,"skipped":0,"pct":91.67},"branches":{"total":14,"covered":11,"skipped":0,"pct":78.57}}
,"/Users/Crysp/dev/a24kit/components/Select/components/Option/index.jsx": {"lines":{"total":4,"covered":4,"skipped":0,"pct":100},"functions":{"total":2,"covered":1,"skipped":0,"pct":50},"statements":{"total":4,"covered":4,"skipped":0,"pct":100},"branches":{"total":2,"covered":2,"skipped":0,"pct":100}}
,"/Users/Crysp/dev/a24kit/components/Select/components/Option/styled.js": {"lines":{"total":3,"covered":3,"skipped":0,"pct":100},"functions":{"total":1,"covered":1,"skipped":0,"pct":100},"statements":{"total":3,"covered":3,"skipped":0,"pct":100},"branches":{"total":2,"covered":2,"skipped":0,"pct":100}}
,"/Users/Crysp/dev/a24kit/components/Spinner/index.tsx": {"lines":{"total":1,"covered":1,"skipped":0,"pct":100},"functions":{"total":1,"covered":1,"skipped":0,"pct":100},"statements":{"total":1,"covered":1,"skipped":0,"pct":100},"branches":{"total":0,"covered":0,"skipped":0,"pct":100}}
,"/Users/Crysp/dev/a24kit/components/Spinner/styled.ts": {"lines":{"total":3,"covered":3,"skipped":0,"pct":100},"functions":{"total":0,"covered":0,"skipped":0,"pct":100},"statements":{"total":3,"covered":3,"skipped":0,"pct":100},"branches":{"total":0,"covered":0,"skipped":0,"pct":100}}
,"/Users/Crysp/dev/a24kit/components/SvgIcon/index.tsx": {"lines":{"total":4,"covered":4,"skipped":0,"pct":100},"functions":{"total":1,"covered":1,"skipped":0,"pct":100},"statements":{"total":4,"covered":4,"skipped":0,"pct":100},"branches":{"total":0,"covered":0,"skipped":0,"pct":100}}
,"/Users/Crysp/dev/a24kit/components/SvgIcon/styled.ts": {"lines":{"total":4,"covered":4,"skipped":0,"pct":100},"functions":{"total":1,"covered":1,"skipped":0,"pct":100},"statements":{"total":4,"covered":4,"skipped":0,"pct":100},"branches":{"total":2,"covered":2,"skipped":0,"pct":100}}
,"/Users/Crysp/dev/a24kit/components/Typography/index.js": {"lines":{"total":0,"covered":0,"skipped":0,"pct":100},"functions":{"total":0,"covered":0,"skipped":0,"pct":100},"statements":{"total":0,"covered":0,"skipped":0,"pct":100},"branches":{"total":0,"covered":0,"skipped":0,"pct":100}}
,"/Users/Crysp/dev/a24kit/components/Typography/H/index.tsx": {"lines":{"total":3,"covered":3,"skipped":0,"pct":100},"functions":{"total":1,"covered":1,"skipped":0,"pct":100},"statements":{"total":3,"covered":3,"skipped":0,"pct":100},"branches":{"total":0,"covered":0,"skipped":0,"pct":100}}
,"/Users/Crysp/dev/a24kit/components/Typography/H/styled.ts": {"lines":{"total":12,"covered":12,"skipped":0,"pct":100},"functions":{"total":1,"covered":1,"skipped":0,"pct":100},"statements":{"total":12,"covered":12,"skipped":0,"pct":100},"branches":{"total":10,"covered":10,"skipped":0,"pct":100}}
,"/Users/Crysp/dev/a24kit/components/Typography/P/index.tsx": {"lines":{"total":3,"covered":3,"skipped":0,"pct":100},"functions":{"total":1,"covered":1,"skipped":0,"pct":100},"statements":{"total":3,"covered":3,"skipped":0,"pct":100},"branches":{"total":0,"covered":0,"skipped":0,"pct":100}}
,"/Users/Crysp/dev/a24kit/components/Typography/P/styled.ts": {"lines":{"total":7,"covered":7,"skipped":0,"pct":100},"functions":{"total":2,"covered":2,"skipped":0,"pct":100},"statements":{"total":7,"covered":7,"skipped":0,"pct":100},"branches":{"total":6,"covered":5,"skipped":0,"pct":83.33}}
,"/Users/Crysp/dev/a24kit/components/Typography/Small/index.tsx": {"lines":{"total":3,"covered":3,"skipped":0,"pct":100},"functions":{"total":1,"covered":1,"skipped":0,"pct":100},"statements":{"total":3,"covered":3,"skipped":0,"pct":100},"branches":{"total":0,"covered":0,"skipped":0,"pct":100}}
,"/Users/Crysp/dev/a24kit/components/Typography/Small/styled.ts": {"lines":{"total":6,"covered":6,"skipped":0,"pct":100},"functions":{"total":1,"covered":1,"skipped":0,"pct":100},"statements":{"total":6,"covered":6,"skipped":0,"pct":100},"branches":{"total":4,"covered":4,"skipped":0,"pct":100}}
}
