TN:
SF:/Users/Crysp/dev/a24kit/components/config.ts
FN:29,(anonymous_0)
FN:50,(anonymous_1)
FN:153,(anonymous_2)
FNF:3
FNH:3
FNDA:600,(anonymous_0)
FNDA:9,(anonymous_1)
FNDA:9,(anonymous_2)
DA:4,30
DA:27,30
DA:32,600
DA:38,30
DA:41,30
DA:45,30
DA:50,30
DA:51,9
DA:52,0
DA:62,9
DA:63,0
DA:73,9
DA:74,9
DA:84,0
DA:85,0
DA:95,0
DA:96,0
DA:106,0
DA:107,0
DA:117,0
DA:118,0
DA:128,0
DA:129,0
DA:139,0
DA:140,0
DA:150,0
DA:153,30
LF:27
LH:12
BRDA:51,0,0,0
BRDA:51,0,1,9
BRDA:62,1,0,0
BRDA:62,1,1,9
BRDA:73,2,0,9
BRDA:73,2,1,0
BRDA:84,3,0,0
BRDA:84,3,1,0
BRDA:95,4,0,0
BRDA:95,4,1,0
BRDA:106,5,0,0
BRDA:106,5,1,0
BRDA:117,6,0,0
BRDA:117,6,1,0
BRDA:128,7,0,0
BRDA:128,7,1,0
BRDA:139,8,0,0
BRDA:139,8,1,0
BRF:18
BRH:3
end_of_record
TN:
SF:/Users/Crysp/dev/a24kit/components/Avatar/index.tsx
FN:165,(anonymous_0)
FNF:1
FNH:1
FNDA:8,(anonymous_0)
DA:14,3
DA:157,3
DA:169,8
DA:170,8
LF:4
LH:4
BRDA:170,0,0,7
BRDA:170,0,1,1
BRF:2
BRH:2
end_of_record
TN:
SF:/Users/Crysp/dev/a24kit/components/Avatar/styled.ts
FN:43,largeSize
FN:51,smallSize
FN:58,defaultSize
FN:65,size
FN:82,(anonymous_4)
FNF:5
FNH:5
FNDA:1,largeSize
FNDA:1,smallSize
FNDA:6,defaultSize
FNDA:8,size
FNDA:8,(anonymous_4)
DA:4,3
DA:44,1
DA:52,1
DA:59,6
DA:66,8
DA:68,1
DA:70,1
DA:72,6
DA:82,8
LF:9
LH:9
BRDA:66,0,0,1
BRDA:66,0,1,1
BRDA:66,0,2,6
BRDA:82,1,0,1
BRDA:82,1,1,7
BRF:5
BRH:5
end_of_record
TN:
SF:/Users/Crysp/dev/a24kit/components/AvatarCard/index.tsx
FN:14,(anonymous_0)
FNF:1
FNH:1
FNDA:2,(anonymous_0)
DA:10,2
DA:15,2
DA:16,2
LF:3
LH:3
BRDA:21,0,0,2
BRDA:21,0,1,2
BRF:2
BRH:2
end_of_record
TN:
SF:/Users/Crysp/dev/a24kit/components/AvatarCard/styled.ts
FNF:0
FNH:0
DA:4,2
DA:14,2
LF:2
LH:2
BRF:0
BRH:0
end_of_record
TN:
SF:/Users/Crysp/dev/a24kit/components/Badge/index.tsx
FN:21,(anonymous_0)
FNF:1
FNH:1
FNDA:11,(anonymous_0)
DA:13,1
DA:25,11
DA:26,11
LF:3
LH:3
BRF:0
BRH:0
end_of_record
TN:
SF:/Users/Crysp/dev/a24kit/components/Badge/styled.ts
FN:4,mapColor
FN:19,smallSize
FN:33,defaultSize
FN:47,size
FNF:4
FNH:4
FNDA:11,mapColor
FNDA:1,smallSize
FNDA:10,defaultSize
FNDA:11,size
DA:5,11
DA:7,1
DA:9,1
DA:11,1
DA:13,1
DA:15,7
DA:20,1
DA:34,10
DA:48,11
DA:50,1
DA:52,10
LF:11
LH:11
BRDA:5,0,0,1
BRDA:5,0,1,1
BRDA:5,0,2,1
BRDA:5,0,3,1
BRDA:5,0,4,7
BRDA:24,1,0,0
BRDA:24,1,1,1
BRDA:38,2,0,1
BRDA:38,2,1,9
BRDA:48,3,0,1
BRDA:48,3,1,10
BRF:11
BRH:10
end_of_record
TN:
SF:/Users/Crysp/dev/a24kit/components/Button/index.tsx
FN:108,(anonymous_0)
FN:125,(anonymous_1)
FN:126,(anonymous_2)
FN:130,(anonymous_3)
FN:132,(anonymous_4)
FN:135,(anonymous_5)
FN:142,(anonymous_6)
FN:162,(anonymous_7)
FN:167,(anonymous_8)
FN:184,(anonymous_9)
FN:188,(anonymous_10)
FN:191,(anonymous_11)
FN:196,(anonymous_12)
FNF:13
FNH:13
FNDA:11,(anonymous_0)
FNDA:1,(anonymous_1)
FNDA:1,(anonymous_2)
FNDA:1,(anonymous_3)
FNDA:1,(anonymous_4)
FNDA:13,(anonymous_5)
FNDA:47,(anonymous_6)
FNDA:11,(anonymous_7)
FNDA:12,(anonymous_8)
FNDA:1,(anonymous_9)
FNDA:40,(anonymous_10)
FNDA:11,(anonymous_11)
FNDA:40,(anonymous_12)
DA:12,3
DA:19,3
DA:26,3
DA:94,3
DA:115,3
DA:117,28
DA:121,28
DA:123,28
DA:126,1
DA:127,1
DA:130,28
DA:131,1
DA:132,1
DA:135,28
DA:136,13
DA:138,12
DA:139,12
DA:148,47
DA:150,47
DA:152,1
DA:154,10
DA:156,4
DA:158,32
DA:163,11
DA:164,11
DA:168,12
DA:169,12
DA:170,12
DA:171,11
DA:172,11
DA:174,11
DA:184,11
DA:185,11
DA:189,40
DA:190,40
DA:191,40
DA:192,11
DA:205,40
DA:206,40
DA:207,40
DA:208,40
LF:41
LH:41
BRDA:136,0,0,1
BRDA:136,0,1,12
BRDA:150,1,0,1
BRDA:150,1,1,10
BRDA:150,1,2,4
BRDA:150,1,3,32
BRDA:170,2,0,1
BRDA:170,2,1,11
BRDA:170,3,0,12
BRDA:170,3,1,11
BRDA:206,4,0,40
BRDA:206,4,1,2
BRDA:207,5,0,40
BRDA:207,5,1,2
BRDA:211,6,0,40
BRDA:211,6,1,39
BRDA:216,7,0,40
BRDA:216,7,1,1
BRDA:217,8,0,40
BRDA:217,8,1,40
BRDA:219,9,0,0
BRDA:219,9,1,40
BRDA:222,10,0,40
BRDA:222,10,1,1
BRF:24
BRH:23
end_of_record
TN:
SF:/Users/Crysp/dev/a24kit/components/Button/styled.ts
FN:4,filled
FN:14,hollow
FN:26,contrast
FN:37,fillInfo
FN:51,fillHollow
FN:66,fillContrast
FN:81,fillDefault
FN:96,fill
FN:117,(anonymous_8)
FN:121,(anonymous_9)
FN:154,(anonymous_10)
FN:155,(anonymous_11)
FNF:12
FNH:12
FNDA:12,filled
FNDA:1,hollow
FNDA:1,contrast
FNDA:1,fillInfo
FNDA:1,fillHollow
FNDA:1,fillContrast
FNDA:12,fillDefault
FNDA:15,fill
FNDA:15,(anonymous_8)
FNDA:15,(anonymous_9)
FNDA:15,(anonymous_10)
FNDA:15,(anonymous_11)
DA:5,12
DA:15,1
DA:27,1
DA:38,1
DA:52,1
DA:54,0
DA:56,0
DA:58,1
DA:60,0
DA:62,0
DA:67,1
DA:69,0
DA:71,0
DA:73,1
DA:75,0
DA:77,0
DA:82,12
DA:84,1
DA:86,0
DA:88,6
DA:90,3
DA:92,2
DA:97,15
DA:99,1
DA:101,1
DA:103,1
DA:105,12
DA:114,3
DA:117,15
DA:121,15
DA:149,3
DA:154,15
DA:155,15
DA:158,3
LF:34
LH:25
BRDA:52,0,0,0
BRDA:52,0,1,0
BRDA:52,0,2,1
BRDA:52,0,3,0
BRDA:52,0,4,0
BRDA:67,1,0,0
BRDA:67,1,1,0
BRDA:67,1,2,1
BRDA:67,1,3,0
BRDA:67,1,4,0
BRDA:82,2,0,1
BRDA:82,2,1,0
BRDA:82,2,2,6
BRDA:82,2,3,3
BRDA:82,2,4,2
BRDA:97,3,0,1
BRDA:97,3,1,1
BRDA:97,3,2,1
BRDA:97,3,3,12
BRDA:121,4,0,1
BRDA:121,4,1,14
BRDA:154,5,0,1
BRDA:154,5,1,14
BRDA:155,6,0,1
BRDA:155,6,1,14
BRF:25
BRH:16
end_of_record
TN:
SF:/Users/Crysp/dev/a24kit/components/Catch/index.tsx
FN:25,(anonymous_0)
FN:31,(anonymous_1)
FNF:2
FNH:2
FNDA:2,(anonymous_0)
FNDA:6,(anonymous_1)
DA:20,3
DA:26,2
DA:35,6
DA:36,6
DA:37,6
DA:38,3
DA:57,3
LF:7
LH:7
BRDA:37,0,0,3
BRDA:37,0,1,3
BRDA:47,1,0,3
BRDA:47,1,1,1
BRF:4
BRH:4
end_of_record
TN:
SF:/Users/Crysp/dev/a24kit/components/Catch/styled.ts
FNF:0
FNH:0
DA:5,1
DA:14,1
DA:19,1
DA:26,1
LF:4
LH:4
BRF:0
BRH:0
end_of_record
TN:
SF:/Users/Crysp/dev/a24kit/components/Checkbox/index.tsx
FN:21,(anonymous_0)
FN:24,(anonymous_1)
FN:30,(anonymous_2)
FNF:3
FNH:2
FNDA:0,(anonymous_0)
FNDA:5,(anonymous_1)
FNDA:57,(anonymous_2)
DA:15,8
DA:24,50
DA:25,5
DA:26,5
DA:27,3
DA:35,57
DA:36,57
DA:37,57
DA:38,57
DA:39,57
LF:10
LH:10
BRDA:26,0,0,2
BRDA:26,0,1,3
BRDA:38,1,0,57
BRDA:38,1,1,57
BRDA:38,1,2,9
BRDA:42,2,0,57
BRDA:42,2,1,48
BRF:7
BRH:7
end_of_record
TN:
SF:/Users/Crysp/dev/a24kit/components/Checkbox/styled.ts
FN:6,borderColor
FN:30,(anonymous_1)
FN:48,(anonymous_2)
FNF:3
FNH:3
FNDA:55,borderColor
FNDA:55,(anonymous_1)
FNDA:48,(anonymous_2)
DA:7,55
DA:8,5
DA:10,50
DA:12,3
DA:14,3
DA:16,44
DA:24,8
DA:30,55
DA:41,8
DA:48,48
LF:10
LH:10
BRDA:7,0,0,5
BRDA:7,0,1,50
BRDA:10,1,0,3
BRDA:10,1,1,3
BRDA:10,1,2,44
BRDA:30,2,0,5
BRDA:30,2,1,50
BRDA:48,3,0,4
BRDA:48,3,1,44
BRF:9
BRH:9
end_of_record
TN:
SF:/Users/Crysp/dev/a24kit/components/Checkbox/components/Mark/index.tsx
FN:15,(anonymous_0)
FNF:1
FNH:1
FNDA:55,(anonymous_0)
DA:15,8
DA:21,55
DA:22,55
DA:39,8
LF:4
LH:4
BRF:0
BRH:0
end_of_record
TN:
SF:/Users/Crysp/dev/a24kit/components/Checkbox/components/Mark/styled.ts
FN:5,fill
FN:19,largeWrapper
FN:27,defaultWrapper
FN:35,size
FN:44,largeIcon
FN:52,defaultIcon
FN:60,iconSize
FN:79,(anonymous_7)
FN:80,(anonymous_8)
FN:98,(anonymous_9)
FN:99,(anonymous_10)
FNF:11
FNH:11
FNDA:55,fill
FNDA:3,largeWrapper
FNDA:52,defaultWrapper
FNDA:55,size
FNDA:3,largeIcon
FNDA:52,defaultIcon
FNDA:55,iconSize
FNDA:55,(anonymous_7)
FNDA:55,(anonymous_8)
FNDA:55,(anonymous_9)
FNDA:55,(anonymous_10)
DA:6,55
DA:7,5
DA:9,50
DA:11,3
DA:13,3
DA:15,44
DA:20,3
DA:28,52
DA:36,55
DA:38,3
DA:40,52
DA:45,3
DA:53,52
DA:61,55
DA:63,3
DA:65,52
DA:75,8
DA:79,55
DA:80,55
DA:93,8
DA:98,55
DA:99,55
DA:111,8
LF:23
LH:23
BRDA:6,0,0,5
BRDA:6,0,1,50
BRDA:9,1,0,3
BRDA:9,1,1,3
BRDA:9,1,2,44
BRDA:36,2,0,3
BRDA:36,2,1,52
BRDA:61,3,0,3
BRDA:61,3,1,52
BRDA:79,4,0,11
BRDA:79,4,1,44
BRDA:80,5,0,5
BRDA:80,5,1,50
BRDA:98,6,0,11
BRDA:98,6,1,44
BRDA:99,7,0,11
BRDA:99,7,1,44
BRF:17
BRH:17
end_of_record
TN:
SF:/Users/Crysp/dev/a24kit/components/CheckboxGroup/index.tsx
FN:30,(anonymous_0)
FN:37,(anonymous_1)
FN:54,(anonymous_2)
FN:64,(anonymous_3)
FN:69,(anonymous_4)
FNF:5
FNH:4
FNDA:0,(anonymous_0)
FNDA:2,(anonymous_1)
FNDA:12,(anonymous_2)
FNDA:24,(anonymous_3)
FNDA:2,(anonymous_4)
DA:25,2
DA:33,10
DA:37,10
DA:38,2
DA:39,2
DA:40,2
DA:41,2
DA:42,2
DA:43,0
DA:48,2
DA:50,2
DA:51,2
DA:61,12
DA:62,12
DA:65,24
DA:69,2
LF:16
LH:15
BRDA:34,0,0,10
BRDA:34,0,1,0
BRDA:42,1,0,0
BRDA:42,1,1,2
BRF:4
BRH:2
end_of_record
TN:
SF:/Users/Crysp/dev/a24kit/components/CheckboxGroup/styled.ts
FNF:0
FNH:0
DA:3,2
DA:7,2
LF:2
LH:2
BRF:0
BRH:0
end_of_record
TN:
SF:/Users/Crysp/dev/a24kit/components/Icon/index.tsx
FN:6,(anonymous_0)
FN:11,(anonymous_1)
FN:16,(anonymous_2)
FN:21,(anonymous_3)
FN:26,(anonymous_4)
FN:31,(anonymous_5)
FN:46,(anonymous_6)
FN:54,(anonymous_7)
FN:59,(anonymous_8)
FN:64,(anonymous_9)
FN:72,(anonymous_10)
FN:80,(anonymous_11)
FN:87,(anonymous_12)
FN:94,(anonymous_13)
FN:100,(anonymous_14)
FN:105,(anonymous_15)
FN:127,(anonymous_16)
FN:132,(anonymous_17)
FN:137,(anonymous_18)
FN:142,(anonymous_19)
FN:147,(anonymous_20)
FN:155,(anonymous_21)
FN:160,(anonymous_22)
FN:169,(anonymous_23)
FN:174,(anonymous_24)
FN:179,(anonymous_25)
FN:184,(anonymous_26)
FN:190,(anonymous_27)
FN:198,(anonymous_28)
FN:203,(anonymous_29)
FN:209,(anonymous_30)
FN:214,(anonymous_31)
FN:219,(anonymous_32)
FN:224,(anonymous_33)
FN:229,(anonymous_34)
FN:234,(anonymous_35)
FN:239,(anonymous_36)
FN:244,(anonymous_37)
FN:249,(anonymous_38)
FN:264,(anonymous_39)
FN:274,(anonymous_40)
FN:280,(anonymous_41)
FN:287,(anonymous_42)
FN:303,(anonymous_43)
FN:315,(anonymous_44)
FN:323,(anonymous_45)
FN:328,(anonymous_46)
FN:333,(anonymous_47)
FN:341,(anonymous_48)
FN:346,(anonymous_49)
FN:351,(anonymous_50)
FN:359,(anonymous_51)
FN:364,(anonymous_52)
FN:376,(anonymous_53)
FN:381,(anonymous_54)
FN:386,(anonymous_55)
FN:391,(anonymous_56)
FN:403,(anonymous_57)
FN:408,(anonymous_58)
FN:425,(anonymous_59)
FN:439,(anonymous_60)
FN:444,(anonymous_61)
FN:449,(anonymous_62)
FN:454,(anonymous_63)
FN:459,(anonymous_64)
FN:467,(anonymous_65)
FN:472,(anonymous_66)
FN:581,(anonymous_67)
FN:592,(anonymous_68)
FN:597,(anonymous_69)
FN:602,(anonymous_70)
FN:607,(anonymous_71)
FN:612,(anonymous_72)
FN:618,(anonymous_73)
FN:623,(anonymous_74)
FN:646,(anonymous_75)
FN:651,(anonymous_76)
FN:656,(anonymous_77)
FN:661,(anonymous_78)
FN:666,(anonymous_79)
FN:671,(anonymous_80)
FN:676,(anonymous_81)
FN:683,(anonymous_82)
FN:688,(anonymous_83)
FN:700,(anonymous_84)
FN:710,(anonymous_85)
FN:717,(anonymous_86)
FN:723,(anonymous_87)
FN:729,(anonymous_88)
FN:734,(anonymous_89)
FN:739,(anonymous_90)
FN:746,(anonymous_91)
FN:753,(anonymous_92)
FN:758,(anonymous_93)
FN:763,(anonymous_94)
FN:768,(anonymous_95)
FN:778,(anonymous_96)
FN:787,(anonymous_97)
FN:795,(anonymous_98)
FN:800,(anonymous_99)
FN:805,(anonymous_100)
FN:824,(anonymous_101)
FN:829,(anonymous_102)
FN:834,(anonymous_103)
FN:841,(anonymous_104)
FN:859,(anonymous_105)
FN:866,(anonymous_106)
FN:875,(anonymous_107)
FN:883,(anonymous_108)
FN:893,(anonymous_109)
FN:900,(anonymous_110)
FN:908,(anonymous_111)
FN:921,(anonymous_112)
FN:960,(anonymous_113)
FN:975,(anonymous_114)
FN:996,(anonymous_115)
FN:1008,(anonymous_116)
FNF:117
FNH:8
FNDA:19,(anonymous_0)
FNDA:0,(anonymous_1)
FNDA:0,(anonymous_2)
FNDA:0,(anonymous_3)
FNDA:1,(anonymous_4)
FNDA:0,(anonymous_5)
FNDA:0,(anonymous_6)
FNDA:0,(anonymous_7)
FNDA:0,(anonymous_8)
FNDA:0,(anonymous_9)
FNDA:0,(anonymous_10)
FNDA:0,(anonymous_11)
FNDA:0,(anonymous_12)
FNDA:0,(anonymous_13)
FNDA:0,(anonymous_14)
FNDA:0,(anonymous_15)
FNDA:0,(anonymous_16)
FNDA:0,(anonymous_17)
FNDA:0,(anonymous_18)
FNDA:0,(anonymous_19)
FNDA:0,(anonymous_20)
FNDA:55,(anonymous_21)
FNDA:0,(anonymous_22)
FNDA:0,(anonymous_23)
FNDA:0,(anonymous_24)
FNDA:0,(anonymous_25)
FNDA:0,(anonymous_26)
FNDA:0,(anonymous_27)
FNDA:0,(anonymous_28)
FNDA:0,(anonymous_29)
FNDA:0,(anonymous_30)
FNDA:0,(anonymous_31)
FNDA:0,(anonymous_32)
FNDA:0,(anonymous_33)
FNDA:0,(anonymous_34)
FNDA:0,(anonymous_35)
FNDA:4,(anonymous_36)
FNDA:0,(anonymous_37)
FNDA:0,(anonymous_38)
FNDA:7,(anonymous_39)
FNDA:0,(anonymous_40)
FNDA:0,(anonymous_41)
FNDA:0,(anonymous_42)
FNDA:0,(anonymous_43)
FNDA:0,(anonymous_44)
FNDA:0,(anonymous_45)
FNDA:0,(anonymous_46)
FNDA:0,(anonymous_47)
FNDA:3,(anonymous_48)
FNDA:1,(anonymous_49)
FNDA:0,(anonymous_50)
FNDA:0,(anonymous_51)
FNDA:0,(anonymous_52)
FNDA:0,(anonymous_53)
FNDA:0,(anonymous_54)
FNDA:0,(anonymous_55)
FNDA:0,(anonymous_56)
FNDA:0,(anonymous_57)
FNDA:0,(anonymous_58)
FNDA:0,(anonymous_59)
FNDA:0,(anonymous_60)
FNDA:0,(anonymous_61)
FNDA:0,(anonymous_62)
FNDA:0,(anonymous_63)
FNDA:0,(anonymous_64)
FNDA:0,(anonymous_65)
FNDA:0,(anonymous_66)
FNDA:0,(anonymous_67)
FNDA:0,(anonymous_68)
FNDA:0,(anonymous_69)
FNDA:0,(anonymous_70)
FNDA:0,(anonymous_71)
FNDA:0,(anonymous_72)
FNDA:0,(anonymous_73)
FNDA:0,(anonymous_74)
FNDA:0,(anonymous_75)
FNDA:0,(anonymous_76)
FNDA:0,(anonymous_77)
FNDA:0,(anonymous_78)
FNDA:0,(anonymous_79)
FNDA:0,(anonymous_80)
FNDA:0,(anonymous_81)
FNDA:0,(anonymous_82)
FNDA:0,(anonymous_83)
FNDA:0,(anonymous_84)
FNDA:0,(anonymous_85)
FNDA:0,(anonymous_86)
FNDA:0,(anonymous_87)
FNDA:0,(anonymous_88)
FNDA:0,(anonymous_89)
FNDA:0,(anonymous_90)
FNDA:0,(anonymous_91)
FNDA:1,(anonymous_92)
FNDA:0,(anonymous_93)
FNDA:0,(anonymous_94)
FNDA:0,(anonymous_95)
FNDA:0,(anonymous_96)
FNDA:0,(anonymous_97)
FNDA:0,(anonymous_98)
FNDA:0,(anonymous_99)
FNDA:0,(anonymous_100)
FNDA:0,(anonymous_101)
FNDA:0,(anonymous_102)
FNDA:0,(anonymous_103)
FNDA:0,(anonymous_104)
FNDA:0,(anonymous_105)
FNDA:0,(anonymous_106)
FNDA:0,(anonymous_107)
FNDA:0,(anonymous_108)
FNDA:0,(anonymous_109)
FNDA:0,(anonymous_110)
FNDA:0,(anonymous_111)
FNDA:0,(anonymous_112)
FNDA:0,(anonymous_113)
FNDA:0,(anonymous_114)
FNDA:0,(anonymous_115)
FNDA:0,(anonymous_116)
DA:6,12
DA:7,19
DA:11,12
DA:12,0
DA:16,12
DA:17,0
DA:21,12
DA:22,0
DA:26,12
DA:27,1
DA:31,12
DA:32,0
DA:46,12
DA:47,0
DA:54,12
DA:55,0
DA:59,12
DA:60,0
DA:64,12
DA:65,0
DA:72,12
DA:73,0
DA:80,12
DA:81,0
DA:87,12
DA:88,0
DA:94,12
DA:95,0
DA:100,12
DA:101,0
DA:105,12
DA:106,0
DA:127,12
DA:128,0
DA:132,12
DA:133,0
DA:137,12
DA:138,0
DA:142,12
DA:143,0
DA:147,12
DA:148,0
DA:155,12
DA:156,55
DA:160,12
DA:161,0
DA:169,12
DA:170,0
DA:174,12
DA:175,0
DA:179,12
DA:180,0
DA:184,12
DA:185,0
DA:190,12
DA:191,0
DA:198,12
DA:199,0
DA:203,12
DA:204,0
DA:209,12
DA:210,0
DA:214,12
DA:215,0
DA:219,12
DA:220,0
DA:224,12
DA:225,0
DA:229,12
DA:230,0
DA:234,12
DA:235,0
DA:239,12
DA:240,4
DA:244,12
DA:245,0
DA:249,12
DA:250,0
DA:264,12
DA:265,7
DA:274,12
DA:275,0
DA:280,12
DA:281,0
DA:287,12
DA:288,0
DA:303,12
DA:304,0
DA:315,12
DA:316,0
DA:323,12
DA:324,0
DA:328,12
DA:329,0
DA:333,12
DA:334,0
DA:341,12
DA:342,3
DA:346,12
DA:347,1
DA:351,12
DA:352,0
DA:359,12
DA:360,0
DA:364,12
DA:365,0
DA:376,12
DA:377,0
DA:381,12
DA:382,0
DA:386,12
DA:387,0
DA:391,12
DA:392,0
DA:403,12
DA:404,0
DA:408,12
DA:409,0
DA:425,12
DA:426,0
DA:439,12
DA:440,0
DA:444,12
DA:445,0
DA:449,12
DA:450,0
DA:454,12
DA:455,0
DA:459,12
DA:460,0
DA:467,12
DA:468,0
DA:472,12
DA:473,0
DA:581,12
DA:582,0
DA:592,12
DA:593,0
DA:597,12
DA:598,0
DA:602,12
DA:603,0
DA:607,12
DA:608,0
DA:612,12
DA:613,0
DA:618,12
DA:619,0
DA:623,12
DA:624,0
DA:646,12
DA:647,0
DA:651,12
DA:652,0
DA:656,12
DA:657,0
DA:661,12
DA:662,0
DA:666,12
DA:667,0
DA:671,12
DA:672,0
DA:676,12
DA:677,0
DA:683,12
DA:684,0
DA:688,12
DA:689,0
DA:700,12
DA:701,0
DA:710,12
DA:711,0
DA:717,12
DA:718,0
DA:723,12
DA:724,0
DA:729,12
DA:730,0
DA:734,12
DA:735,0
DA:739,12
DA:740,0
DA:746,12
DA:747,0
DA:753,12
DA:754,1
DA:758,12
DA:759,0
DA:763,12
DA:764,0
DA:768,12
DA:769,0
DA:778,12
DA:779,0
DA:787,12
DA:788,0
DA:795,12
DA:796,0
DA:800,12
DA:801,0
DA:805,12
DA:806,0
DA:824,12
DA:825,0
DA:829,12
DA:830,0
DA:834,12
DA:835,0
DA:841,12
DA:842,0
DA:843,0
DA:844,0
DA:853,12
DA:856,12
DA:859,12
DA:860,0
DA:866,12
DA:867,0
DA:875,12
DA:876,0
DA:883,12
DA:884,0
DA:893,12
DA:894,0
DA:900,12
DA:901,0
DA:908,12
DA:909,0
DA:921,12
DA:922,0
DA:960,12
DA:961,0
DA:975,12
DA:976,0
DA:996,12
DA:997,0
DA:1008,12
DA:1009,0
LF:238
LH:127
BRDA:843,0,0,0
BRDA:843,0,1,0
BRF:2
BRH:0
end_of_record
TN:
SF:/Users/Crysp/dev/a24kit/components/Input/index.tsx
FN:105,(anonymous_0)
FN:113,(anonymous_1)
FN:121,(anonymous_2)
FN:125,(anonymous_3)
FN:132,(anonymous_4)
FN:139,(anonymous_5)
FN:146,(anonymous_6)
FN:153,(anonymous_7)
FN:160,(anonymous_8)
FN:167,(anonymous_9)
FN:174,(anonymous_10)
FN:181,(anonymous_11)
FN:189,(anonymous_12)
FN:196,(anonymous_13)
FN:204,(anonymous_14)
FN:208,(anonymous_15)
FN:212,(anonymous_16)
FNF:17
FNH:5
FNDA:2,(anonymous_0)
FNDA:1,(anonymous_1)
FNDA:1,(anonymous_2)
FNDA:0,(anonymous_3)
FNDA:0,(anonymous_4)
FNDA:0,(anonymous_5)
FNDA:0,(anonymous_6)
FNDA:0,(anonymous_7)
FNDA:0,(anonymous_8)
FNDA:0,(anonymous_9)
FNDA:0,(anonymous_10)
FNDA:0,(anonymous_11)
FNDA:1,(anonymous_12)
FNDA:0,(anonymous_13)
FNDA:0,(anonymous_14)
FNDA:0,(anonymous_15)
FNDA:23,(anonymous_16)
DA:59,4
DA:99,19
DA:103,19
DA:105,19
DA:106,2
DA:107,2
DA:108,2
DA:109,1
DA:113,19
DA:114,1
DA:115,1
DA:116,1
DA:117,1
DA:121,19
DA:122,1
DA:125,19
DA:126,0
DA:127,0
DA:128,0
DA:132,19
DA:133,0
DA:134,0
DA:135,0
DA:139,19
DA:140,0
DA:141,0
DA:142,0
DA:146,19
DA:147,0
DA:148,0
DA:149,0
DA:153,19
DA:154,0
DA:155,0
DA:156,0
DA:160,19
DA:161,0
DA:162,0
DA:163,0
DA:167,19
DA:168,0
DA:169,0
DA:170,0
DA:174,19
DA:175,0
DA:176,0
DA:177,0
DA:182,0
DA:183,0
DA:184,0
DA:186,0
DA:190,1
DA:191,1
DA:192,1
DA:197,0
DA:198,0
DA:199,0
DA:201,0
DA:205,0
DA:209,0
DA:240,23
DA:241,23
DA:242,23
DA:243,23
DA:271,23
LF:65
LH:31
BRDA:108,0,0,1
BRDA:108,0,1,1
BRDA:116,1,0,1
BRDA:116,1,1,0
BRDA:127,2,0,0
BRDA:127,2,1,0
BRDA:134,3,0,0
BRDA:134,3,1,0
BRDA:141,4,0,0
BRDA:141,4,1,0
BRDA:148,5,0,0
BRDA:148,5,1,0
BRDA:155,6,0,0
BRDA:155,6,1,0
BRDA:162,7,0,0
BRDA:162,7,1,0
BRDA:169,8,0,0
BRDA:169,8,1,0
BRDA:176,9,0,0
BRDA:176,9,1,0
BRDA:183,10,0,0
BRDA:183,10,1,0
BRDA:191,11,0,1
BRDA:191,11,1,0
BRDA:198,12,0,0
BRDA:198,12,1,0
BRDA:198,13,0,0
BRDA:198,13,1,0
BRDA:248,14,0,0
BRDA:248,14,1,23
BRDA:273,15,0,23
BRDA:273,15,1,4
BRDA:273,15,2,19
BRDA:274,16,0,23
BRDA:274,16,1,4
BRDA:274,16,2,4
BRDA:282,17,0,23
BRDA:282,17,1,0
BRDA:285,18,0,23
BRDA:285,18,1,6
BRDA:287,19,0,6
BRDA:287,19,1,6
BRDA:288,20,0,6
BRDA:288,20,1,6
BRDA:295,21,0,0
BRDA:295,21,1,23
BRDA:298,22,0,23
BRDA:298,22,1,6
BRDA:299,23,0,23
BRDA:299,23,1,6
BRDA:307,24,0,23
BRDA:307,24,1,0
BRF:52
BRH:24
end_of_record
TN:
SF:/Users/Crysp/dev/a24kit/components/Input/styled.tsx
FN:6,fieldSize
FN:21,(anonymous_1)
FN:37,(anonymous_2)
FN:62,(anonymous_3)
FN:70,(anonymous_4)
FN:91,(anonymous_5)
FN:92,(anonymous_6)
FN:120,(anonymous_7)
FN:123,(anonymous_8)
FN:143,(anonymous_9)
FN:144,(anonymous_10)
FNF:11
FNH:8
FNDA:18,fieldSize
FNDA:18,(anonymous_1)
FNDA:18,(anonymous_2)
FNDA:0,(anonymous_3)
FNDA:18,(anonymous_4)
FNDA:6,(anonymous_5)
FNDA:6,(anonymous_6)
FNDA:18,(anonymous_7)
FNDA:18,(anonymous_8)
FNDA:0,(anonymous_9)
FNDA:0,(anonymous_10)
DA:7,18
DA:8,0
DA:14,18
DA:21,4
DA:22,18
DA:23,1
DA:26,17
DA:28,1
DA:30,1
DA:32,15
DA:37,4
DA:38,18
DA:39,1
DA:42,17
DA:44,1
DA:46,1
DA:48,15
DA:62,4
DA:70,18
DA:88,4
DA:91,6
DA:92,6
DA:109,4
DA:120,18
DA:123,18
DA:126,4
DA:132,4
DA:141,4
DA:143,0
DA:144,0
LF:30
LH:27
BRDA:7,0,0,0
BRDA:7,0,1,18
BRDA:16,1,0,1
BRDA:16,1,1,17
BRDA:16,2,0,5
BRDA:16,2,1,13
BRDA:22,3,0,1
BRDA:22,3,1,17
BRDA:26,4,0,1
BRDA:26,4,1,1
BRDA:26,4,2,15
BRDA:32,5,0,1
BRDA:32,5,1,14
BRDA:38,6,0,1
BRDA:38,6,1,17
BRDA:42,7,0,1
BRDA:42,7,1,1
BRDA:42,7,2,15
BRDA:70,8,0,0
BRDA:70,8,1,18
BRDA:91,9,0,5
BRDA:91,9,1,1
BRDA:92,10,0,1
BRDA:92,10,1,5
BRDA:120,11,0,4
BRDA:120,11,1,14
BRDA:123,12,0,0
BRDA:123,12,1,18
BRDA:123,13,0,18
BRDA:123,13,1,0
BRDA:143,14,0,0
BRDA:143,14,1,0
BRDA:144,15,0,0
BRDA:144,15,1,0
BRF:34
BRH:26
end_of_record
TN:
SF:/Users/Crysp/dev/a24kit/components/Link/index.tsx
FN:28,(anonymous_0)
FN:34,(anonymous_1)
FNF:2
FNH:1
FNDA:0,(anonymous_0)
FNDA:7,(anonymous_1)
DA:19,1
DA:28,7
DA:29,0
DA:30,0
DA:31,0
DA:42,7
DA:43,7
LF:7
LH:4
BRDA:30,0,0,0
BRDA:30,0,1,0
BRDA:31,1,0,0
BRDA:31,1,1,0
BRDA:51,2,0,7
BRDA:51,2,1,3
BRDA:51,2,2,2
BRDA:53,3,0,7
BRDA:53,3,1,3
BRDA:53,3,2,1
BRF:10
BRH:6
end_of_record
TN:
SF:/Users/Crysp/dev/a24kit/components/Link/styled.ts
FN:9,(anonymous_0)
FN:27,(anonymous_1)
FN:34,(anonymous_2)
FNF:3
FNH:3
FNDA:7,(anonymous_0)
FNDA:7,(anonymous_1)
FNDA:3,(anonymous_2)
DA:8,1
DA:9,7
DA:16,1
DA:27,7
DA:34,1
DA:35,3
DA:36,3
DA:37,3
DA:38,0
DA:39,0
DA:41,3
DA:42,0
DA:43,0
DA:45,3
DA:51,1
LF:15
LH:11
BRDA:9,0,0,1
BRDA:9,0,1,6
BRDA:27,1,0,1
BRDA:27,1,1,6
BRDA:37,2,0,0
BRDA:37,2,1,3
BRDA:41,3,0,0
BRDA:41,3,1,3
BRF:8
BRH:6
end_of_record
TN:
SF:/Users/Crysp/dev/a24kit/components/LinkButton/index.tsx
FN:18,(anonymous_0)
FNF:1
FNH:1
FNDA:2,(anonymous_0)
DA:14,1
DA:19,2
LF:2
LH:2
BRF:0
BRH:0
end_of_record
TN:
SF:/Users/Crysp/dev/a24kit/components/LinkButton/styled.ts
FNF:0
FNH:0
LF:0
LH:0
BRF:0
BRH:0
end_of_record
TN:
SF:/Users/Crysp/dev/a24kit/components/MaskedInput/index.tsx
FN:67,(anonymous_0)
FN:72,(anonymous_1)
FN:84,(anonymous_2)
FN:91,(anonymous_3)
FN:100,(anonymous_4)
FN:114,(anonymous_5)
FN:126,(anonymous_6)
FN:197,(anonymous_7)
FN:208,(anonymous_8)
FN:216,(anonymous_9)
FN:221,(anonymous_10)
FN:228,(anonymous_11)
FN:236,(anonymous_12)
FN:243,(anonymous_13)
FN:264,(anonymous_14)
FN:268,(anonymous_15)
FNF:16
FNH:0
FNDA:0,(anonymous_0)
FNDA:0,(anonymous_1)
FNDA:0,(anonymous_2)
FNDA:0,(anonymous_3)
FNDA:0,(anonymous_4)
FNDA:0,(anonymous_5)
FNDA:0,(anonymous_6)
FNDA:0,(anonymous_7)
FNDA:0,(anonymous_8)
FNDA:0,(anonymous_9)
FNDA:0,(anonymous_10)
FNDA:0,(anonymous_11)
FNDA:0,(anonymous_12)
FNDA:0,(anonymous_13)
FNDA:0,(anonymous_14)
FNDA:0,(anonymous_15)
DA:20,4
DA:22,4
DA:29,4
DA:34,4
DA:40,4
DA:50,0
DA:52,0
DA:54,0
DA:56,0
DA:58,0
DA:60,0
DA:65,0
DA:68,0
DA:69,0
DA:73,0
DA:74,0
DA:75,0
DA:76,0
DA:77,0
DA:79,0
DA:80,0
DA:85,0
DA:86,0
DA:87,0
DA:91,0
DA:92,0
DA:93,0
DA:97,0
DA:100,0
DA:101,0
DA:102,0
DA:103,0
DA:104,0
DA:106,0
DA:107,0
DA:109,0
DA:110,0
DA:114,0
DA:115,0
DA:116,0
DA:117,0
DA:118,0
DA:120,0
DA:121,0
DA:127,0
DA:128,0
DA:129,0
DA:131,0
DA:132,0
DA:133,0
DA:134,0
DA:135,0
DA:136,0
DA:142,0
DA:143,0
DA:144,0
DA:146,0
DA:153,0
DA:154,0
DA:155,0
DA:156,0
DA:163,0
DA:164,0
DA:165,0
DA:166,0
DA:168,0
DA:174,0
DA:175,0
DA:176,0
DA:178,0
DA:179,0
DA:180,0
DA:183,0
DA:189,0
DA:190,0
DA:193,0
DA:198,0
DA:199,0
DA:200,0
DA:202,0
DA:203,0
DA:205,0
DA:209,0
DA:210,0
DA:211,0
DA:212,0
DA:217,0
DA:218,0
DA:219,0
DA:221,0
DA:222,0
DA:223,0
DA:224,0
DA:229,0
DA:230,0
DA:231,0
DA:232,0
DA:237,0
DA:238,0
DA:239,0
DA:240,0
DA:244,0
DA:245,0
DA:246,0
DA:247,0
DA:248,0
DA:249,0
DA:251,0
DA:265,0
DA:269,0
LF:110
LH:5
BRDA:20,0,0,4
BRDA:20,0,1,4
BRDA:22,1,0,4
BRDA:22,1,1,4
BRDA:29,2,0,4
BRDA:29,2,1,4
BRDA:29,2,2,0
BRDA:69,3,0,0
BRDA:69,3,1,0
BRDA:75,4,0,0
BRDA:75,4,1,0
BRDA:75,5,0,0
BRDA:75,5,1,0
BRDA:79,6,0,0
BRDA:79,6,1,0
BRDA:79,7,0,0
BRDA:79,7,1,0
BRDA:80,8,0,0
BRDA:80,8,1,0
BRDA:85,9,0,0
BRDA:85,9,1,0
BRDA:97,10,0,0
BRDA:97,10,1,0
BRDA:103,11,0,0
BRDA:103,11,1,0
BRDA:106,12,0,0
BRDA:106,12,1,0
BRDA:109,13,0,0
BRDA:109,13,1,0
BRDA:109,14,0,0
BRDA:109,14,1,0
BRDA:117,15,0,0
BRDA:117,15,1,0
BRDA:120,16,0,0
BRDA:120,16,1,0
BRDA:120,17,0,0
BRDA:120,17,1,0
BRDA:128,18,0,0
BRDA:128,18,1,0
BRDA:142,19,0,0
BRDA:142,19,1,0
BRDA:142,20,0,0
BRDA:142,20,1,0
BRDA:142,20,2,0
BRDA:143,21,0,0
BRDA:143,21,1,0
BRDA:146,22,0,0
BRDA:146,22,1,0
BRDA:154,23,0,0
BRDA:154,23,1,0
BRDA:155,24,0,0
BRDA:155,24,1,0
BRDA:163,25,0,0
BRDA:163,25,1,0
BRDA:163,26,0,0
BRDA:163,26,1,0
BRDA:165,27,0,0
BRDA:165,27,1,0
BRDA:174,28,0,0
BRDA:174,28,1,0
BRDA:174,29,0,0
BRDA:174,29,1,0
BRDA:175,30,0,0
BRDA:175,30,1,0
BRDA:178,31,0,0
BRDA:178,31,1,0
BRDA:179,32,0,0
BRDA:179,32,1,0
BRDA:189,33,0,0
BRDA:189,33,1,0
BRDA:199,34,0,0
BRDA:199,34,1,0
BRDA:202,35,0,0
BRDA:202,35,1,0
BRDA:211,36,0,0
BRDA:211,36,1,0
BRDA:211,37,0,0
BRDA:211,37,1,0
BRDA:217,38,0,0
BRDA:217,38,1,0
BRDA:229,39,0,0
BRDA:229,39,1,0
BRDA:229,40,0,0
BRDA:229,40,1,0
BRDA:240,41,0,0
BRDA:240,41,1,0
BRDA:246,42,0,0
BRDA:246,42,1,0
BRF:88
BRH:6
end_of_record
TN:
SF:/Users/Crysp/dev/a24kit/components/MaskedInput/mask.ts
FN:27,(anonymous_0)
FN:32,(anonymous_1)
FN:37,(anonymous_2)
FN:42,(anonymous_3)
FN:45,(anonymous_4)
FN:50,(anonymous_5)
FN:53,(anonymous_6)
FN:98,(anonymous_7)
FN:117,(anonymous_8)
FN:128,(anonymous_9)
FNF:10
FNH:0
FNDA:0,(anonymous_0)
FNDA:0,(anonymous_1)
FNDA:0,(anonymous_2)
FNDA:0,(anonymous_3)
FNDA:0,(anonymous_4)
FNDA:0,(anonymous_5)
FNDA:0,(anonymous_6)
FNDA:0,(anonymous_7)
FNDA:0,(anonymous_8)
FNDA:0,(anonymous_9)
DA:5,4
DA:8,4
DA:9,4
DA:10,4
DA:25,4
DA:28,0
DA:33,0
DA:38,0
DA:43,0
DA:46,0
DA:51,0
DA:54,0
DA:99,0
DA:105,0
DA:106,0
DA:107,0
DA:108,0
DA:118,0
DA:129,0
DA:130,0
DA:131,0
DA:132,0
DA:134,0
DA:136,0
DA:137,0
DA:138,0
DA:140,0
DA:141,0
DA:142,0
DA:143,0
DA:144,0
DA:145,0
DA:147,0
DA:151,0
DA:152,0
DA:153,0
DA:154,0
DA:155,0
DA:159,0
LF:39
LH:5
BRDA:106,0,0,0
BRDA:106,0,1,0
BRDA:137,1,0,0
BRDA:137,1,1,0
BRDA:138,2,0,0
BRDA:138,2,1,0
BRDA:141,3,0,0
BRDA:141,3,1,0
BRDA:154,4,0,0
BRDA:154,4,1,0
BRF:10
BRH:0
end_of_record
TN:
SF:/Users/Crysp/dev/a24kit/components/Message/index.tsx
FN:28,(anonymous_0)
FN:31,getMessageInstance
FN:42,(anonymous_2)
FN:52,notice
FN:87,(anonymous_4)
FN:102,(anonymous_5)
FN:109,(anonymous_6)
FN:112,(anonymous_7)
FN:115,(anonymous_8)
FN:118,(anonymous_9)
FN:121,(anonymous_10)
FN:124,(anonymous_11)
FNF:12
FNH:12
FNDA:11,(anonymous_0)
FNDA:13,getMessageInstance
FNDA:11,(anonymous_2)
FNDA:13,notice
FNDA:13,(anonymous_4)
FNDA:2,(anonymous_5)
FNDA:7,(anonymous_6)
FNDA:1,(anonymous_7)
FNDA:1,(anonymous_8)
FNDA:1,(anonymous_9)
FNDA:3,(anonymous_10)
FNDA:12,(anonymous_11)
DA:22,2
DA:25,2
DA:26,2
DA:27,2
DA:28,11
DA:32,13
DA:33,2
DA:34,2
DA:36,11
DA:43,11
DA:44,1
DA:45,1
DA:47,10
DA:48,10
DA:59,13
DA:60,13
DA:61,13
DA:63,7
DA:64,7
DA:66,1
DA:67,1
DA:69,1
DA:70,1
DA:72,1
DA:73,1
DA:75,3
DA:76,3
DA:78,0
DA:80,13
DA:81,2
DA:82,2
DA:86,13
DA:87,13
DA:88,13
DA:102,13
DA:103,2
DA:104,2
DA:110,7
DA:113,1
DA:116,1
DA:119,1
DA:122,3
DA:125,12
DA:126,10
DA:127,10
LF:45
LH:44
BRDA:32,0,0,2
BRDA:32,0,1,11
BRDA:43,1,0,1
BRDA:43,1,1,10
BRDA:54,2,0,5
BRDA:61,3,0,7
BRDA:61,3,1,1
BRDA:61,3,2,1
BRDA:61,3,3,1
BRDA:61,3,4,3
BRDA:61,3,5,0
BRDA:80,4,0,2
BRDA:80,4,1,11
BRDA:103,5,0,2
BRDA:103,5,1,0
BRDA:125,6,0,10
BRDA:125,6,1,2
BRF:17
BRH:15
end_of_record
TN:
SF:/Users/Crysp/dev/a24kit/components/Message/styled.ts
FN:75,(anonymous_0)
FN:129,(anonymous_1)
FNF:2
FNH:2
FNDA:13,(anonymous_0)
FNDA:10,(anonymous_1)
DA:4,2
DA:17,2
DA:30,2
DA:75,2
DA:76,13
DA:77,13
DA:78,13
DA:79,13
DA:80,1
DA:81,1
DA:82,12
DA:83,1
DA:84,1
DA:86,13
DA:87,2
DA:97,13
DA:108,2
DA:119,2
DA:129,2
DA:130,10
DA:131,10
DA:132,7
DA:133,3
DA:134,1
DA:136,10
DA:140,2
LF:26
LH:26
BRDA:79,0,0,1
BRDA:79,0,1,12
BRDA:82,1,0,1
BRDA:82,1,1,11
BRDA:86,2,0,2
BRDA:86,2,1,11
BRDA:131,3,0,7
BRDA:131,3,1,3
BRDA:133,4,0,1
BRDA:133,4,1,2
BRF:10
BRH:10
end_of_record
TN:
SF:/Users/Crysp/dev/a24kit/components/Modal/index.tsx
FN:38,(anonymous_0)
FN:39,(anonymous_1)
FN:53,(anonymous_2)
FN:57,(anonymous_3)
FN:62,(anonymous_4)
FN:69,(anonymous_5)
FN:76,(anonymous_6)
FN:83,(anonymous_7)
FN:111,(anonymous_8)
FNF:9
FNH:3
FNDA:0,(anonymous_0)
FNDA:0,(anonymous_1)
FNDA:3,(anonymous_2)
FNDA:0,(anonymous_3)
FNDA:0,(anonymous_4)
FNDA:0,(anonymous_5)
FNDA:0,(anonymous_6)
FNDA:6,(anonymous_7)
FNDA:6,(anonymous_8)
DA:31,1
DA:49,3
DA:51,3
DA:54,3
DA:55,0
DA:57,3
DA:58,0
DA:62,0
DA:63,0
DA:66,3
DA:69,3
DA:70,0
DA:71,0
DA:72,0
DA:76,3
DA:77,0
DA:78,0
DA:79,0
DA:89,6
DA:90,6
DA:119,6
DA:120,6
DA:122,6
LF:23
LH:13
BRDA:54,0,0,0
BRDA:54,0,1,3
BRDA:71,1,0,0
BRDA:71,1,1,0
BRDA:78,2,0,0
BRDA:78,2,1,0
BRDA:97,3,0,6
BRDA:97,3,1,6
BRDA:105,4,0,6
BRDA:105,4,1,6
BRDA:136,5,0,4
BRDA:136,5,1,2
BRF:12
BRH:7
end_of_record
TN:
SF:/Users/Crysp/dev/a24kit/components/Modal/styled.ts
FNF:0
FNH:0
DA:4,1
DA:13,1
DA:22,1
DA:33,1
LF:4
LH:4
BRF:0
BRH:0
end_of_record
TN:
SF:/Users/Crysp/dev/a24kit/components/Notification/index.tsx
FN:36,setNotificationConfig
FN:61,getPlacementStyle
FN:96,getNotificationInstance
FN:107,(anonymous_3)
FN:113,notice
FN:117,(anonymous_5)
FN:118,(anonymous_6)
FN:120,(anonymous_7)
FN:159,(anonymous_8)
FN:161,(anonymous_9)
FN:164,(anonymous_10)
FN:165,(anonymous_11)
FNF:12
FNH:9
FNDA:0,setNotificationConfig
FNDA:7,getPlacementStyle
FNDA:9,getNotificationInstance
FNDA:7,(anonymous_3)
FNDA:9,notice
FNDA:0,(anonymous_5)
FNDA:0,(anonymous_6)
FNDA:9,(anonymous_7)
FNDA:2,(anonymous_8)
FNDA:2,(anonymous_9)
FNDA:10,(anonymous_10)
FNDA:7,(anonymous_11)
DA:28,2
DA:29,2
DA:30,2
DA:31,2
DA:32,2
DA:43,0
DA:44,0
DA:45,0
DA:47,0
DA:48,0
DA:50,0
DA:51,0
DA:53,0
DA:54,0
DA:56,0
DA:57,0
DA:63,7
DA:65,0
DA:70,0
DA:72,7
DA:77,7
DA:79,0
DA:84,0
DA:86,0
DA:91,0
DA:93,7
DA:97,9
DA:98,9
DA:99,2
DA:100,2
DA:102,7
DA:108,7
DA:109,7
DA:114,9
DA:115,9
DA:116,9
DA:117,9
DA:118,9
DA:120,9
DA:121,9
DA:157,2
DA:160,2
DA:161,2
DA:165,10
DA:166,7
DA:167,7
LF:46
LH:29
BRDA:44,0,0,0
BRDA:44,0,1,0
BRDA:47,1,0,0
BRDA:47,1,1,0
BRDA:50,2,0,0
BRDA:50,2,1,0
BRDA:53,3,0,0
BRDA:53,3,1,0
BRDA:56,4,0,0
BRDA:56,4,1,0
BRDA:63,5,0,0
BRDA:63,5,1,7
BRDA:63,5,2,0
BRDA:63,5,3,0
BRDA:98,6,0,2
BRDA:98,6,1,7
BRDA:114,7,0,9
BRDA:114,7,1,9
BRDA:115,8,0,0
BRDA:115,8,1,9
BRDA:116,9,0,9
BRDA:116,9,1,8
BRDA:117,10,0,0
BRDA:117,10,1,9
BRDA:118,11,0,0
BRDA:118,11,1,9
BRDA:120,12,0,9
BRDA:120,12,1,9
BRDA:137,13,0,9
BRDA:137,13,1,8
BRDA:152,14,0,9
BRDA:152,14,1,9
BRF:32
BRH:16
end_of_record
TN:
SF:/Users/Crysp/dev/a24kit/components/Notification/styled.ts
FN:159,(anonymous_0)
FNF:1
FNH:1
FNDA:9,(anonymous_0)
DA:5,2
DA:17,2
DA:29,2
DA:47,2
DA:159,2
DA:160,9
DA:161,9
DA:162,9
DA:163,1
DA:165,9
DA:166,1
DA:167,1
DA:169,9
DA:177,2
DA:180,2
DA:187,2
DA:195,2
DA:203,2
DA:211,2
DA:221,2
DA:232,2
LF:21
LH:21
BRDA:162,0,0,1
BRDA:162,0,1,8
BRDA:165,1,0,1
BRDA:165,1,1,8
BRF:4
BRH:4
end_of_record
TN:
SF:/Users/Crysp/dev/a24kit/components/Radio/index.tsx
FN:25,(anonymous_0)
FNF:1
FNH:1
FNDA:42,(anonymous_0)
DA:17,5
DA:32,42
DA:33,42
LF:3
LH:3
BRF:0
BRH:0
end_of_record
TN:
SF:/Users/Crysp/dev/a24kit/components/Radio/styled.ts
FN:12,(anonymous_0)
FN:13,(anonymous_1)
FN:14,(anonymous_2)
FN:17,(anonymous_3)
FN:68,(anonymous_4)
FNF:5
FNH:5
FNDA:42,(anonymous_0)
FNDA:42,(anonymous_1)
FNDA:42,(anonymous_2)
FNDA:42,(anonymous_3)
FNDA:42,(anonymous_4)
DA:9,5
DA:12,42
DA:13,42
DA:14,42
DA:17,5
DA:18,42
DA:19,42
DA:20,42
DA:24,42
DA:25,8
DA:26,8
DA:27,34
DA:28,1
DA:29,33
DA:30,0
DA:32,42
DA:33,4
DA:38,42
DA:52,5
DA:68,5
DA:69,42
DA:70,42
DA:71,42
DA:72,42
DA:76,42
DA:81,42
DA:82,8
DA:83,8
DA:84,8
DA:85,34
DA:86,1
DA:87,33
DA:88,5
DA:89,5
DA:90,0
DA:93,42
DA:94,4
DA:99,42
DA:100,5
DA:106,42
DA:121,5
LF:41
LH:39
BRDA:12,0,0,5
BRDA:12,0,1,37
BRDA:13,1,0,5
BRDA:13,1,1,37
BRDA:14,2,0,5
BRDA:14,2,1,37
BRDA:24,3,0,8
BRDA:24,3,1,34
BRDA:27,4,0,1
BRDA:27,4,1,33
BRDA:27,5,0,34
BRDA:27,5,1,29
BRDA:29,6,0,0
BRDA:29,6,1,33
BRDA:29,7,0,33
BRDA:29,7,1,5
BRDA:32,8,0,4
BRDA:32,8,1,38
BRDA:81,9,0,8
BRDA:81,9,1,34
BRDA:85,10,0,1
BRDA:85,10,1,33
BRDA:85,11,0,34
BRDA:85,11,1,29
BRDA:87,12,0,5
BRDA:87,12,1,28
BRDA:89,13,0,0
BRDA:89,13,1,5
BRDA:93,14,0,4
BRDA:93,14,1,38
BRDA:99,15,0,5
BRDA:99,15,1,37
BRF:32
BRH:30
end_of_record
TN:
SF:/Users/Crysp/dev/a24kit/components/RadioButton/index.tsx
FN:30,(anonymous_0)
FN:39,(anonymous_1)
FN:44,(anonymous_2)
FN:51,(anonymous_3)
FN:58,(anonymous_4)
FNF:5
FNH:4
FNDA:0,(anonymous_0)
FNDA:5,(anonymous_1)
FNDA:4,(anonymous_2)
FNDA:3,(anonymous_3)
FNDA:48,(anonymous_4)
DA:23,4
DA:35,40
DA:39,40
DA:40,5
DA:41,5
DA:44,40
DA:45,4
DA:46,4
DA:47,3
DA:48,3
DA:51,40
DA:52,3
DA:53,3
DA:54,2
DA:55,2
DA:66,48
DA:67,48
DA:68,48
LF:18
LH:18
BRDA:41,0,0,3
BRDA:41,0,1,2
BRDA:46,1,0,1
BRDA:46,1,1,3
BRDA:48,2,0,1
BRDA:48,2,1,2
BRDA:53,3,0,1
BRDA:53,3,1,2
BRDA:55,4,0,1
BRDA:55,4,1,1
BRDA:83,5,0,48
BRDA:83,5,1,31
BRF:12
BRH:12
end_of_record
TN:
SF:/Users/Crysp/dev/a24kit/components/RadioButton/styled.ts
FN:15,(anonymous_0)
FN:24,(anonymous_1)
FNF:2
FNH:2
FNDA:31,(anonymous_0)
FNDA:37,(anonymous_1)
DA:8,4
DA:15,31
DA:18,4
DA:24,37
LF:4
LH:4
BRDA:15,0,0,6
BRDA:15,0,1,25
BRDA:24,1,0,7
BRDA:24,1,1,30
BRF:4
BRH:4
end_of_record
TN:
SF:/Users/Crysp/dev/a24kit/components/RadioButtonGroup/index.tsx
FN:24,(anonymous_0)
FN:28,(anonymous_1)
FN:32,(anonymous_2)
FN:43,(anonymous_3)
FN:49,(anonymous_4)
FNF:5
FNH:4
FNDA:0,(anonymous_0)
FNDA:2,(anonymous_1)
FNDA:10,(anonymous_2)
FNDA:30,(anonymous_3)
FNDA:2,(anonymous_4)
DA:19,2
DA:28,9
DA:29,2
DA:40,10
DA:41,10
DA:44,30
DA:49,2
LF:7
LH:7
BRF:0
BRH:0
end_of_record
TN:
SF:/Users/Crysp/dev/a24kit/components/RadioButtonGroup/styled.ts
FNF:0
FNH:0
DA:3,2
DA:7,2
LF:2
LH:2
BRF:0
BRH:0
end_of_record
TN:
SF:/Users/Crysp/dev/a24kit/components/Ripple/index.tsx
FN:12,(anonymous_0)
FNF:1
FNH:1
FNDA:1,(anonymous_0)
DA:10,4
DA:13,1
LF:2
LH:2
BRF:0
BRH:0
end_of_record
TN:
SF:/Users/Crysp/dev/a24kit/components/Ripple/styled.ts
FN:21,(anonymous_0)
FN:66,(anonymous_1)
FN:67,(anonymous_2)
FNF:3
FNH:3
FNDA:1,(anonymous_0)
FNDA:1,(anonymous_1)
FNDA:1,(anonymous_2)
DA:10,4
DA:21,4
DA:23,1
DA:25,1
DA:26,1
DA:28,0
DA:29,0
DA:31,0
DA:32,0
DA:34,0
DA:35,0
DA:37,0
DA:38,0
DA:40,0
DA:41,0
DA:43,0
DA:44,0
DA:46,0
DA:47,0
DA:49,0
DA:50,0
DA:52,0
DA:53,0
DA:55,0
DA:56,0
DA:58,0
DA:60,1
DA:66,1
DA:67,1
LF:29
LH:8
BRDA:23,0,0,1
BRDA:23,0,1,0
BRDA:23,0,2,0
BRDA:23,0,3,0
BRDA:23,0,4,0
BRDA:23,0,5,0
BRDA:23,0,6,0
BRDA:23,0,7,0
BRDA:23,0,8,0
BRDA:23,0,9,0
BRDA:23,0,10,0
BRDA:23,0,11,0
BRF:12
BRH:1
end_of_record
TN:
SF:/Users/Crysp/dev/a24kit/components/Select/index.tsx
FN:47,(anonymous_0)
FN:58,(anonymous_1)
FN:62,(anonymous_2)
FN:66,(anonymous_3)
FN:72,(anonymous_4)
FN:79,(anonymous_5)
FN:99,(anonymous_6)
FN:103,(anonymous_7)
FN:115,(anonymous_8)
FN:120,(anonymous_9)
FN:133,(anonymous_10)
FN:137,(anonymous_11)
FN:144,(anonymous_12)
FN:148,(anonymous_13)
FN:156,(anonymous_14)
FN:204,(anonymous_15)
FN:215,(anonymous_16)
FNF:17
FNH:15
FNDA:0,(anonymous_0)
FNDA:17,(anonymous_1)
FNDA:1,(anonymous_2)
FNDA:0,(anonymous_3)
FNDA:3,(anonymous_4)
FNDA:5,(anonymous_5)
FNDA:1,(anonymous_6)
FNDA:25,(anonymous_7)
FNDA:3,(anonymous_8)
FNDA:1,(anonymous_9)
FNDA:24,(anonymous_10)
FNDA:12,(anonymous_11)
FNDA:2,(anonymous_12)
FNDA:67,(anonymous_13)
FNDA:23,(anonymous_14)
FNDA:67,(anonymous_15)
FNDA:5,(anonymous_16)
DA:34,2
DA:36,2
DA:50,17
DA:55,17
DA:56,17
DA:59,17
DA:63,1
DA:66,17
DA:67,0
DA:68,0
DA:72,17
DA:73,3
DA:74,3
DA:75,3
DA:76,2
DA:79,17
DA:80,5
DA:81,5
DA:82,3
DA:83,3
DA:84,1
DA:85,2
DA:86,2
DA:87,2
DA:88,1
DA:90,2
DA:92,3
DA:94,2
DA:95,2
DA:99,17
DA:100,1
DA:109,25
DA:111,25
DA:112,25
DA:113,8
DA:114,7
DA:115,3
DA:117,4
DA:120,1
DA:121,1
DA:122,1
DA:123,0
DA:125,1
DA:130,25
DA:134,24
DA:135,24
DA:136,24
DA:137,4
DA:138,12
DA:141,20
DA:145,2
DA:149,67
DA:150,67
DA:151,0
DA:153,67
DA:167,23
DA:168,23
DA:169,23
DA:170,23
DA:205,67
DA:215,5
LF:61
LH:57
BRDA:67,0,0,0
BRDA:67,0,1,0
BRDA:67,1,0,0
BRDA:67,1,1,0
BRDA:75,2,0,1
BRDA:75,2,1,2
BRDA:81,3,0,3
BRDA:81,3,1,2
BRDA:83,4,0,1
BRDA:83,4,1,2
BRDA:85,5,0,2
BRDA:85,5,1,0
BRDA:87,6,0,1
BRDA:87,6,1,1
BRDA:90,7,0,1
BRDA:90,7,1,1
BRDA:112,8,0,8
BRDA:112,8,1,17
BRDA:112,9,0,25
BRDA:112,9,1,8
BRDA:113,10,0,7
BRDA:113,10,1,1
BRDA:114,11,0,3
BRDA:114,11,1,4
BRDA:121,12,0,1
BRDA:121,12,1,0
BRDA:122,13,0,0
BRDA:122,13,1,1
BRDA:136,14,0,4
BRDA:136,14,1,20
BRDA:150,15,0,0
BRDA:150,15,1,67
BRDA:194,16,0,23
BRDA:194,16,1,3
BRDA:203,17,0,23
BRDA:203,17,1,0
BRDA:210,18,0,67
BRDA:210,18,1,21
BRDA:210,18,2,15
BRDA:214,19,0,67
BRDA:214,19,1,46
BRF:41
BRH:32
end_of_record
TN:
SF:/Users/Crysp/dev/a24kit/components/Select/styled.ts
FN:12,(anonymous_0)
FN:23,(anonymous_1)
FN:66,(anonymous_2)
FN:79,(anonymous_3)
FN:80,(anonymous_4)
FN:84,(anonymous_5)
FN:111,(anonymous_6)
FNF:7
FNH:7
FNDA:19,(anonymous_0)
FNDA:19,(anonymous_1)
FNDA:19,(anonymous_2)
FNDA:19,(anonymous_3)
FNDA:19,(anonymous_4)
FNDA:19,(anonymous_5)
FNDA:19,(anonymous_6)
DA:10,2
DA:12,19
DA:23,2
DA:24,19
DA:25,19
DA:26,19
DA:27,0
DA:29,19
DA:30,1
DA:32,19
DA:38,2
DA:59,2
DA:66,19
DA:74,2
DA:79,19
DA:80,19
DA:84,2
DA:85,19
DA:86,0
DA:92,19
DA:104,2
DA:111,19
DA:123,2
DA:128,2
LF:24
LH:22
BRDA:12,0,0,1
BRDA:12,0,1,18
BRDA:26,1,0,0
BRDA:26,1,1,19
BRDA:29,2,0,1
BRDA:29,2,1,18
BRDA:66,3,0,1
BRDA:66,3,1,18
BRDA:79,4,0,1
BRDA:79,4,1,18
BRDA:80,5,0,0
BRDA:80,5,1,19
BRDA:85,6,0,0
BRDA:85,6,1,19
BRF:14
BRH:11
end_of_record
TN:
SF:/Users/Crysp/dev/a24kit/components/Select/components/Option/index.jsx
FN:19,(anonymous_0)
FN:22,(anonymous_1)
FNF:2
FNH:1
FNDA:0,(anonymous_0)
FNDA:61,(anonymous_1)
DA:7,4
DA:15,4
DA:29,61
DA:30,61
LF:4
LH:4
BRDA:32,0,0,24
BRDA:32,0,1,37
BRF:2
BRH:2
end_of_record
TN:
SF:/Users/Crysp/dev/a24kit/components/Select/components/Option/styled.js
FN:10,(anonymous_0)
FNF:1
FNH:1
FNDA:59,(anonymous_0)
DA:5,4
DA:10,59
DA:17,4
LF:3
LH:3
BRDA:10,0,0,2
BRDA:10,0,1,57
BRF:2
BRH:2
end_of_record
TN:
SF:/Users/Crysp/dev/a24kit/components/Spinner/index.tsx
FN:5,(anonymous_0)
FNF:1
FNH:1
FNDA:4,(anonymous_0)
DA:6,4
LF:1
LH:1
BRF:0
BRH:0
end_of_record
TN:
SF:/Users/Crysp/dev/a24kit/components/Spinner/styled.ts
FNF:0
FNH:0
DA:4,6
DA:17,6
DA:22,6
LF:3
LH:3
BRF:0
BRH:0
end_of_record
TN:
SF:/Users/Crysp/dev/a24kit/components/SvgIcon/index.tsx
FN:25,(anonymous_0)
FNF:1
FNH:1
FNDA:99,(anonymous_0)
DA:10,13
DA:20,13
DA:29,99
DA:30,99
LF:4
LH:4
BRF:0
BRH:0
end_of_record
TN:
SF:/Users/Crysp/dev/a24kit/components/SvgIcon/styled.ts
FN:3,(anonymous_0)
FNF:1
FNH:1
FNDA:99,(anonymous_0)
DA:3,13
DA:4,99
DA:5,24
DA:10,75
LF:4
LH:4
BRDA:4,0,0,24
BRDA:4,0,1,75
BRF:2
BRH:2
end_of_record
TN:
SF:/Users/Crysp/dev/a24kit/components/Typography/index.js
FNF:0
FNH:0
LF:0
LH:0
BRF:0
BRH:0
end_of_record
TN:
SF:/Users/Crysp/dev/a24kit/components/Typography/H/index.tsx
FN:18,(anonymous_0)
FNF:1
FNH:1
FNDA:9,(anonymous_0)
DA:14,2
DA:19,9
DA:20,9
LF:3
LH:3
BRF:0
BRH:0
end_of_record
TN:
SF:/Users/Crysp/dev/a24kit/components/Typography/H/styled.ts
FN:4,(anonymous_0)
FNF:1
FNH:1
FNDA:9,(anonymous_0)
DA:4,2
DA:5,9
DA:6,1
DA:15,8
DA:16,1
DA:25,7
DA:26,3
DA:35,4
DA:36,1
DA:45,3
DA:46,1
DA:55,2
LF:12
LH:12
BRDA:5,0,0,1
BRDA:5,0,1,8
BRDA:15,1,0,1
BRDA:15,1,1,7
BRDA:25,2,0,3
BRDA:25,2,1,4
BRDA:35,3,0,1
BRDA:35,3,1,3
BRDA:45,4,0,1
BRDA:45,4,1,2
BRF:10
BRH:10
end_of_record
TN:
SF:/Users/Crysp/dev/a24kit/components/Typography/P/index.tsx
FN:20,(anonymous_0)
FNF:1
FNH:1
FNDA:4,(anonymous_0)
DA:15,2
DA:21,4
DA:22,4
LF:3
LH:3
BRF:0
BRH:0
end_of_record
TN:
SF:/Users/Crysp/dev/a24kit/components/Typography/P/styled.ts
FN:3,(anonymous_0)
FN:34,(anonymous_1)
FNF:2
FNH:2
FNDA:4,(anonymous_0)
FNDA:4,(anonymous_1)
DA:3,2
DA:4,4
DA:5,1
DA:11,3
DA:12,1
DA:19,2
DA:34,4
LF:7
LH:7
BRDA:4,0,0,1
BRDA:4,0,1,3
BRDA:11,1,0,1
BRDA:11,1,1,2
BRDA:34,2,0,0
BRDA:34,2,1,4
BRF:6
BRH:5
end_of_record
TN:
SF:/Users/Crysp/dev/a24kit/components/Typography/Small/index.tsx
FN:18,(anonymous_0)
FNF:1
FNH:1
FNDA:4,(anonymous_0)
DA:14,2
DA:19,4
DA:20,4
LF:3
LH:3
BRF:0
BRH:0
end_of_record
TN:
SF:/Users/Crysp/dev/a24kit/components/Typography/Small/styled.ts
FN:3,(anonymous_0)
FNF:1
FNH:1
FNDA:4,(anonymous_0)
DA:3,2
DA:4,4
DA:5,1
DA:11,3
DA:12,1
DA:20,2
LF:6
LH:6
BRDA:4,0,0,1
BRDA:4,0,1,3
BRDA:11,1,0,1
BRDA:11,1,1,2
BRF:4
BRH:4
end_of_record
